0 info it worked if it ends with ok
1 verbose cli [ 'C:\\Program Files (x86)\\nodejs\\\\node.exe',
1 verbose cli   'C:\\Program Files (x86)\\nodejs\\node_modules\\npm\\bin\\npm-cli.js',
1 verbose cli   'install',
1 verbose cli   'grunt-copyto',
1 verbose cli   '--save-dev' ]
2 info using npm@1.4.28
3 info using node@v0.10.34
4 verbose node symlink C:\Program Files (x86)\nodejs\\node.exe
5 warn package.json numbercatch@1.0.0 No description
6 warn package.json numbercatch@1.0.0 No README data
7 verbose readDependencies using package.json deps
8 verbose cache add [ 'grunt-copyto', null ]
9 verbose cache add name=undefined spec="grunt-copyto" args=["grunt-copyto",null]
10 verbose parsed url { protocol: null,
10 verbose parsed url   slashes: null,
10 verbose parsed url   auth: null,
10 verbose parsed url   host: null,
10 verbose parsed url   port: null,
10 verbose parsed url   hostname: null,
10 verbose parsed url   hash: null,
10 verbose parsed url   search: null,
10 verbose parsed url   query: null,
10 verbose parsed url   pathname: 'grunt-copyto',
10 verbose parsed url   path: 'grunt-copyto',
10 verbose parsed url   href: 'grunt-copyto' }
11 silly lockFile 2e7dd1e6-grunt-copyto grunt-copyto
12 verbose lock grunt-copyto C:\Users\antonio\AppData\Roaming\npm-cache\2e7dd1e6-grunt-copyto.lock
13 silly lockFile 2e7dd1e6-grunt-copyto grunt-copyto
14 silly lockFile 2e7dd1e6-grunt-copyto grunt-copyto
15 verbose addNamed [ 'grunt-copyto', '' ]
16 verbose addNamed [ null, '*' ]
17 silly lockFile f5ad1503-grunt-copyto grunt-copyto@
18 verbose lock grunt-copyto@ C:\Users\antonio\AppData\Roaming\npm-cache\f5ad1503-grunt-copyto.lock
19 silly addNameRange { name: 'grunt-copyto', range: '*', hasData: false }
20 verbose request where is /grunt-copyto
21 verbose request registry https://registry.npmjs.org/
22 verbose request id fc7182191ad01185
23 verbose url raw /grunt-copyto
24 verbose url resolving [ 'https://registry.npmjs.org/', './grunt-copyto' ]
25 verbose url resolved https://registry.npmjs.org/grunt-copyto
26 verbose request where is https://registry.npmjs.org/grunt-copyto
27 info trying registry request attempt 1 at 14:11:21
28 http GET https://registry.npmjs.org/grunt-copyto
29 http 404 https://registry.npmjs.org/grunt-copyto
30 verbose headers { date: 'Fri, 03 Apr 2015 13:11:25 GMT',
30 verbose headers   server: 'CouchDB/1.5.0 (Erlang OTP/R16B03)',
30 verbose headers   'content-type': 'application/json',
30 verbose headers   'cache-control': 'max-age=0',
30 verbose headers   'content-length': '51',
30 verbose headers   'accept-ranges': 'bytes',
30 verbose headers   via: '1.1 varnish',
30 verbose headers   age: '0',
30 verbose headers   'x-served-by': 'cache-lhr6320-LHR',
30 verbose headers   'x-cache': 'MISS',
30 verbose headers   'x-cache-hits': '0',
30 verbose headers   'x-timer': 'S1428066684.955933,VS0,VE91',
30 verbose headers   'keep-alive': 'timeout=10, max=50',
30 verbose headers   connection: 'Keep-Alive' }
31 silly registry.get cb [ 404,
31 silly registry.get   { date: 'Fri, 03 Apr 2015 13:11:25 GMT',
31 silly registry.get     server: 'CouchDB/1.5.0 (Erlang OTP/R16B03)',
31 silly registry.get     'content-type': 'application/json',
31 silly registry.get     'cache-control': 'max-age=0',
31 silly registry.get     'content-length': '51',
31 silly registry.get     'accept-ranges': 'bytes',
31 silly registry.get     via: '1.1 varnish',
31 silly registry.get     age: '0',
31 silly registry.get     'x-served-by': 'cache-lhr6320-LHR',
31 silly registry.get     'x-cache': 'MISS',
31 silly registry.get     'x-cache-hits': '0',
31 silly registry.get     'x-timer': 'S1428066684.955933,VS0,VE91',
31 silly registry.get     'keep-alive': 'timeout=10, max=50',
31 silly registry.get     connection: 'Keep-Alive' } ]
32 silly lockFile f5ad1503-grunt-copyto grunt-copyto@
33 silly lockFile f5ad1503-grunt-copyto grunt-copyto@
34 error 404 404 Not Found: grunt-copyto
34 error 404
34 error 404 'grunt-copyto' is not in the npm registry.
34 error 404 You should bug the author to publish it
34 error 404 It was specified as a dependency of 'numbercatch'
34 error 404
34 error 404 Note that you can also install from a
34 error 404 tarball, folder, or http url, or git url.
35 error System Windows_NT 6.1.7601
36 error command "C:\\Program Files (x86)\\nodejs\\\\node.exe" "C:\\Program Files (x86)\\nodejs\\node_modules\\npm\\bin\\npm-cli.js" "install" "grunt-copyto" "--save-dev"
37 error cwd c:\xampp2\sites\ipaddress\numbercatch
38 error node -v v0.10.34
39 error npm -v 1.4.28
40 error code E404
41 verbose exit [ 1, true ]
